2023-09-27 16:37:55,606 - statisticNew - INFO - 
Args: 
2023-09-27 16:37:55,606 - statisticNew - INFO - train: True
2023-09-27 16:37:55,606 - statisticNew - INFO - tag_schema: iob
2023-09-27 16:37:55,606 - statisticNew - INFO - batch_size: 20
2023-09-27 16:37:55,606 - statisticNew - INFO - lr: 0.1
2023-09-27 16:37:55,606 - statisticNew - INFO - lr_sharp_decay: 0
2023-09-27 16:37:55,606 - statisticNew - INFO - lr_min: 1e-05
2023-09-27 16:37:55,607 - statisticNew - INFO - label_weights: 5
2023-09-27 16:37:55,607 - statisticNew - INFO - optimizer: SGD
2023-09-27 16:37:55,607 - statisticNew - INFO - weight_decay: 0.0001
2023-09-27 16:37:55,607 - statisticNew - INFO - epoch: 100
2023-09-27 16:37:55,607 - statisticNew - INFO - cuda: 0
2023-09-27 16:37:55,607 - statisticNew - INFO - num_steps: 50
2023-09-27 16:37:55,607 - statisticNew - INFO - word_embed_dim: 100
2023-09-27 16:37:55,607 - statisticNew - INFO - bio_embed_dim: 25
2023-09-27 16:37:55,607 - statisticNew - INFO - pos_embed_dim: 25
2023-09-27 16:37:55,607 - statisticNew - INFO - position_embed_dim: 0
2023-09-27 16:37:55,607 - statisticNew - INFO - dep_embed_dim: 25
2023-09-27 16:37:55,607 - statisticNew - INFO - rnn_hidden: 100
2023-09-27 16:37:55,607 - statisticNew - INFO - rnn_layers: 1
2023-09-27 16:37:55,607 - statisticNew - INFO - rnn_dropout: 0.5
2023-09-27 16:37:55,607 - statisticNew - INFO - pooling: avg
2023-09-27 16:37:55,607 - statisticNew - INFO - gcn_dim: 150
2023-09-27 16:37:55,607 - statisticNew - INFO - num_layers: 2
2023-09-27 16:37:55,607 - statisticNew - INFO - gcn_dropout: 0.5
2023-09-27 16:37:55,607 - statisticNew - INFO - map_file: maps.pkl
2023-09-27 16:37:55,607 - statisticNew - INFO - result_path: result
2023-09-27 16:37:55,607 - statisticNew - INFO - emb_file: 100.utf8
2023-09-27 16:37:55,608 - statisticNew - INFO - train_file: data_doc/train_ee.json
2023-09-27 16:37:55,608 - statisticNew - INFO - dev_file: data_doc/dev_ee.json
2023-09-27 16:37:55,608 - statisticNew - INFO - test_file: data_doc/test_ee.json
2023-09-27 16:37:55,608 - statisticNew - INFO - log_name: eegcned-master-pos-1.7-elu-wd1e-4
2023-09-27 16:37:55,608 - statisticNew - INFO - seed: 1023
2023-09-27 16:37:55,608 - statisticNew - INFO - 

2023-09-27 16:38:08,840 - statisticNew - INFO - Epoch: 1 / 100 ：
2023-09-27 16:38:08,841 - statisticNew - INFO - epoch 1, lr: 0.1 
2023-09-27 16:38:13,854 - statisticNew - INFO - epoch 1, loss : 1.5582067694193051
2023-09-27 16:38:14,659 - statisticNew - INFO - epoch: 1, info: accuracy:  95.38%; precision:  47.08%; recall:  23.54%; FB1:  31.39
2023-09-27 16:38:14,660 - statisticNew - INFO - epoch 1, f1 : 31.39
2023-09-27 16:38:14,748 - statisticNew - INFO - epoch 1, MAX_F1: 31.39

2023-09-27 16:38:14,749 - statisticNew - INFO - Epoch: 2 / 100 ：
2023-09-27 16:38:14,749 - statisticNew - INFO - epoch 2, lr: 0.1 
2023-09-27 16:38:19,632 - statisticNew - INFO - epoch 2, loss : 0.9447919076975481
2023-09-27 16:38:20,424 - statisticNew - INFO - epoch: 2, info: accuracy:  95.69%; precision:  43.80%; recall:  36.04%; FB1:  39.54
2023-09-27 16:38:20,425 - statisticNew - INFO - epoch 2, f1 : 39.54
2023-09-27 16:38:20,499 - statisticNew - INFO - epoch 2, MAX_F1: 39.54

2023-09-27 16:38:20,499 - statisticNew - INFO - Epoch: 3 / 100 ：
2023-09-27 16:38:20,499 - statisticNew - INFO - epoch 3, lr: 0.1 
2023-09-27 16:38:25,364 - statisticNew - INFO - epoch 3, loss : 0.788053152921759
2023-09-27 16:38:26,159 - statisticNew - INFO - epoch: 3, info: accuracy:  95.78%; precision:  46.31%; recall:  39.17%; FB1:  42.44
2023-09-27 16:38:26,161 - statisticNew - INFO - epoch 3, f1 : 42.44
2023-09-27 16:38:26,482 - statisticNew - INFO - epoch 3, MAX_F1: 42.44

2023-09-27 16:38:26,482 - statisticNew - INFO - Epoch: 4 / 100 ：
2023-09-27 16:38:26,482 - statisticNew - INFO - epoch 4, lr: 0.1 
2023-09-27 16:38:31,353 - statisticNew - INFO - epoch 4, loss : 0.6931618939579269
2023-09-27 16:38:32,146 - statisticNew - INFO - epoch: 4, info: accuracy:  96.09%; precision:  52.18%; recall:  49.79%; FB1:  50.96
2023-09-27 16:38:32,147 - statisticNew - INFO - epoch 4, f1 : 50.96
2023-09-27 16:38:32,220 - statisticNew - INFO - epoch 4, MAX_F1: 50.96

2023-09-27 16:38:32,220 - statisticNew - INFO - Epoch: 5 / 100 ：
2023-09-27 16:38:32,220 - statisticNew - INFO - epoch 5, lr: 0.1 
2023-09-27 16:38:37,101 - statisticNew - INFO - epoch 5, loss : 0.622117508340765
2023-09-27 16:38:37,897 - statisticNew - INFO - epoch: 5, info: accuracy:  96.22%; precision:  54.74%; recall:  52.92%; FB1:  53.81
2023-09-27 16:38:37,898 - statisticNew - INFO - epoch 5, f1 : 53.81
2023-09-27 16:38:38,172 - statisticNew - INFO - epoch 5, MAX_F1: 53.81

2023-09-27 16:38:38,172 - statisticNew - INFO - Epoch: 6 / 100 ：
2023-09-27 16:38:38,172 - statisticNew - INFO - epoch 6, lr: 0.1 
2023-09-27 16:38:43,198 - statisticNew - INFO - epoch 6, loss : 0.5578059631365316
2023-09-27 16:38:44,010 - statisticNew - INFO - epoch: 6, info: accuracy:  96.43%; precision:  58.52%; recall:  55.83%; FB1:  57.14
2023-09-27 16:38:44,012 - statisticNew - INFO - epoch 6, f1 : 57.14
2023-09-27 16:38:44,288 - statisticNew - INFO - epoch 6, MAX_F1: 57.14

2023-09-27 16:38:44,288 - statisticNew - INFO - Epoch: 7 / 100 ：
2023-09-27 16:38:44,288 - statisticNew - INFO - epoch 7, lr: 0.1 
2023-09-27 16:38:49,201 - statisticNew - INFO - epoch 7, loss : 0.5042731592684616
2023-09-27 16:38:49,991 - statisticNew - INFO - epoch: 7, info: accuracy:  96.42%; precision:  57.88%; recall:  60.42%; FB1:  59.12
2023-09-27 16:38:49,992 - statisticNew - INFO - epoch 7, f1 : 59.12
2023-09-27 16:38:50,063 - statisticNew - INFO - epoch 7, MAX_F1: 59.12

2023-09-27 16:38:50,064 - statisticNew - INFO - Epoch: 8 / 100 ：
2023-09-27 16:38:50,064 - statisticNew - INFO - epoch 8, lr: 0.1 
2023-09-27 16:38:54,955 - statisticNew - INFO - epoch 8, loss : 0.45677837628273316
2023-09-27 16:38:55,763 - statisticNew - INFO - epoch: 8, info: accuracy:  96.56%; precision:  60.91%; recall:  61.67%; FB1:  61.28
2023-09-27 16:38:55,764 - statisticNew - INFO - epoch 8, f1 : 61.28
2023-09-27 16:38:55,835 - statisticNew - INFO - epoch 8, MAX_F1: 61.28

2023-09-27 16:38:55,835 - statisticNew - INFO - Epoch: 9 / 100 ：
2023-09-27 16:38:55,835 - statisticNew - INFO - epoch 9, lr: 0.1 
2023-09-27 16:39:00,709 - statisticNew - INFO - epoch 9, loss : 0.42407661704001604
2023-09-27 16:39:01,512 - statisticNew - INFO - epoch: 9, info: accuracy:  96.81%; precision:  64.18%; recall:  62.71%; FB1:  63.44
2023-09-27 16:39:01,514 - statisticNew - INFO - epoch 9, f1 : 63.44
2023-09-27 16:39:01,605 - statisticNew - INFO - epoch 9, MAX_F1: 63.44

2023-09-27 16:39:01,605 - statisticNew - INFO - Epoch: 10 / 100 ：
2023-09-27 16:39:01,606 - statisticNew - INFO - epoch 10, lr: 0.1 
2023-09-27 16:39:06,522 - statisticNew - INFO - epoch 10, loss : 0.38770043905134555
2023-09-27 16:39:07,313 - statisticNew - INFO - epoch: 10, info: accuracy:  96.73%; precision:  63.13%; recall:  68.12%; FB1:  65.53
2023-09-27 16:39:07,315 - statisticNew - INFO - epoch 10, f1 : 65.53
2023-09-27 16:39:07,403 - statisticNew - INFO - epoch 10, MAX_F1: 65.53

2023-09-27 16:39:07,404 - statisticNew - INFO - Epoch: 11 / 100 ：
2023-09-27 16:39:07,404 - statisticNew - INFO - epoch 11, lr: 0.1 
2023-09-27 16:39:12,356 - statisticNew - INFO - epoch 11, loss : 0.360020048364445
2023-09-27 16:39:13,149 - statisticNew - INFO - epoch: 11, info: accuracy:  97.02%; precision:  68.07%; recall:  67.50%; FB1:  67.78
2023-09-27 16:39:13,150 - statisticNew - INFO - epoch 11, f1 : 67.78
2023-09-27 16:39:13,224 - statisticNew - INFO - epoch 11, MAX_F1: 67.78

2023-09-27 16:39:13,224 - statisticNew - INFO - Epoch: 12 / 100 ：
2023-09-27 16:39:13,224 - statisticNew - INFO - epoch 12, lr: 0.1 
2023-09-27 16:39:18,114 - statisticNew - INFO - epoch 12, loss : 0.33779935354803814
2023-09-27 16:39:18,907 - statisticNew - INFO - epoch: 12, info: accuracy:  97.01%; precision:  67.20%; recall:  70.42%; FB1:  68.77
2023-09-27 16:39:18,909 - statisticNew - INFO - epoch 12, f1 : 68.77
2023-09-27 16:39:18,984 - statisticNew - INFO - epoch 12, MAX_F1: 68.77

2023-09-27 16:39:18,985 - statisticNew - INFO - Epoch: 13 / 100 ：
2023-09-27 16:39:18,985 - statisticNew - INFO - epoch 13, lr: 0.1 
2023-09-27 16:39:23,881 - statisticNew - INFO - epoch 13, loss : 0.3111119569727668
2023-09-27 16:39:24,675 - statisticNew - INFO - epoch: 13, info: accuracy:  96.79%; precision:  64.55%; recall:  69.79%; FB1:  67.07
2023-09-27 16:39:24,676 - statisticNew - INFO - epoch 13, f1 : 67.07
2023-09-27 16:39:24,677 - statisticNew - INFO - epoch 13, MAX_F1: 68.77

2023-09-27 16:39:24,677 - statisticNew - INFO - Epoch: 14 / 100 ：
2023-09-27 16:39:24,677 - statisticNew - INFO - epoch 14, lr: 0.1 
2023-09-27 16:39:29,551 - statisticNew - INFO - epoch 14, loss : 0.3022812913045471
2023-09-27 16:39:30,342 - statisticNew - INFO - epoch: 14, info: accuracy:  96.98%; precision:  67.47%; recall:  69.58%; FB1:  68.51
2023-09-27 16:39:30,344 - statisticNew - INFO - epoch 14, f1 : 68.51
2023-09-27 16:39:30,344 - statisticNew - INFO - epoch 14, MAX_F1: 68.77

2023-09-27 16:39:30,344 - statisticNew - INFO - Epoch: 15 / 100 ：
2023-09-27 16:39:30,344 - statisticNew - INFO - epoch 15, lr: 0.1 
2023-09-27 16:39:35,228 - statisticNew - INFO - epoch 15, loss : 0.28240068128079543
2023-09-27 16:39:36,025 - statisticNew - INFO - epoch: 15, info: accuracy:  96.88%; precision:  65.21%; recall:  71.46%; FB1:  68.19
2023-09-27 16:39:36,026 - statisticNew - INFO - epoch 15, f1 : 68.19
2023-09-27 16:39:36,026 - statisticNew - INFO - epoch 15, MAX_F1: 68.77

2023-09-27 16:39:36,026 - statisticNew - INFO - Epoch: 16 / 100 ：
2023-09-27 16:39:36,026 - statisticNew - INFO - epoch 16, lr: 0.1 
2023-09-27 16:39:40,911 - statisticNew - INFO - epoch 16, loss : 0.2749942589413237
2023-09-27 16:39:41,707 - statisticNew - INFO - epoch: 16, info: accuracy:  97.08%; precision:  68.53%; recall:  68.96%; FB1:  68.74
2023-09-27 16:39:41,708 - statisticNew - INFO - epoch 16, f1 : 68.74
2023-09-27 16:39:41,708 - statisticNew - INFO - epoch 16, MAX_F1: 68.77

2023-09-27 16:39:41,708 - statisticNew - INFO - Epoch: 17 / 100 ：
2023-09-27 16:39:41,708 - statisticNew - INFO - epoch 17, lr: 0.1 
2023-09-27 16:39:46,627 - statisticNew - INFO - epoch 17, loss : 0.2644608153237237
2023-09-27 16:39:47,433 - statisticNew - INFO - epoch: 17, info: accuracy:  97.04%; precision:  68.43%; recall:  70.00%; FB1:  69.21
2023-09-27 16:39:47,434 - statisticNew - INFO - epoch 17, f1 : 69.21
2023-09-27 16:39:47,514 - statisticNew - INFO - epoch 17, MAX_F1: 69.21

2023-09-27 16:39:47,514 - statisticNew - INFO - Epoch: 18 / 100 ：
2023-09-27 16:39:47,514 - statisticNew - INFO - epoch 18, lr: 0.1 
2023-09-27 16:39:52,496 - statisticNew - INFO - epoch 18, loss : 0.25414461207886535
2023-09-27 16:39:53,288 - statisticNew - INFO - epoch: 18, info: accuracy:  97.15%; precision:  69.44%; recall:  69.58%; FB1:  69.51
2023-09-27 16:39:53,289 - statisticNew - INFO - epoch 18, f1 : 69.51
2023-09-27 16:39:53,571 - statisticNew - INFO - epoch 18, MAX_F1: 69.51

2023-09-27 16:39:53,572 - statisticNew - INFO - Epoch: 19 / 100 ：
2023-09-27 16:39:53,572 - statisticNew - INFO - epoch 19, lr: 0.1 
2023-09-27 16:39:58,454 - statisticNew - INFO - epoch 19, loss : 0.23726380133518465
2023-09-27 16:39:59,247 - statisticNew - INFO - epoch: 19, info: accuracy:  96.98%; precision:  66.67%; recall:  71.25%; FB1:  68.88
2023-09-27 16:39:59,248 - statisticNew - INFO - epoch 19, f1 : 68.88
2023-09-27 16:39:59,248 - statisticNew - INFO - epoch 19, MAX_F1: 69.51

2023-09-27 16:39:59,248 - statisticNew - INFO - Epoch: 20 / 100 ：
2023-09-27 16:39:59,248 - statisticNew - INFO - epoch 20, lr: 0.1 
2023-09-27 16:40:04,136 - statisticNew - INFO - epoch 20, loss : 0.2336969894391519
2023-09-27 16:40:04,933 - statisticNew - INFO - epoch: 20, info: accuracy:  97.04%; precision:  68.67%; recall:  68.96%; FB1:  68.81
2023-09-27 16:40:04,934 - statisticNew - INFO - epoch 20, f1 : 68.81
2023-09-27 16:40:04,935 - statisticNew - INFO - epoch 20, MAX_F1: 69.51

2023-09-27 16:40:04,935 - statisticNew - INFO - Epoch: 21 / 100 ：
2023-09-27 16:40:04,935 - statisticNew - INFO - epoch 21, lr: 0.1 
2023-09-27 16:40:09,813 - statisticNew - INFO - epoch 21, loss : 0.23161464743316174
2023-09-27 16:40:10,606 - statisticNew - INFO - epoch: 21, info: accuracy:  97.07%; precision:  68.66%; recall:  69.38%; FB1:  69.02
2023-09-27 16:40:10,607 - statisticNew - INFO - epoch 21, f1 : 69.02
2023-09-27 16:40:10,608 - statisticNew - INFO - epoch 21, MAX_F1: 69.51

2023-09-27 16:40:10,608 - statisticNew - INFO - Epoch: 22 / 100 ：
2023-09-27 16:40:10,608 - statisticNew - INFO - epoch 22, lr: 0.1 
2023-09-27 16:40:15,475 - statisticNew - INFO - epoch 22, loss : 0.2186377955669606
2023-09-27 16:40:16,266 - statisticNew - INFO - epoch: 22, info: accuracy:  97.08%; precision:  67.81%; recall:  70.21%; FB1:  68.99
2023-09-27 16:40:16,267 - statisticNew - INFO - epoch 22, f1 : 68.99
2023-09-27 16:40:16,268 - statisticNew - INFO - epoch 22, MAX_F1: 69.51

2023-09-27 16:40:16,268 - statisticNew - INFO - Epoch: 23 / 100 ：
2023-09-27 16:40:16,268 - statisticNew - INFO - epoch 23, lr: 0.1 
2023-09-27 16:40:21,149 - statisticNew - INFO - epoch 23, loss : 0.20977269391310804
2023-09-27 16:40:21,951 - statisticNew - INFO - epoch: 23, info: accuracy:  97.09%; precision:  68.14%; recall:  70.83%; FB1:  69.46
2023-09-27 16:40:21,952 - statisticNew - INFO - epoch 23, f1 : 69.46
2023-09-27 16:40:21,952 - statisticNew - INFO - epoch 23, MAX_F1: 69.51

2023-09-27 16:40:21,952 - statisticNew - INFO - Epoch: 24 / 100 ：
2023-09-27 16:40:21,953 - statisticNew - INFO - epoch 24, lr: 0.1 
2023-09-27 16:40:26,935 - statisticNew - INFO - epoch 24, loss : 0.20515077676118157
2023-09-27 16:40:27,748 - statisticNew - INFO - epoch: 24, info: accuracy:  96.88%; precision:  65.08%; recall:  71.04%; FB1:  67.93
2023-09-27 16:40:27,749 - statisticNew - INFO - epoch 24, f1 : 67.93
2023-09-27 16:40:27,749 - statisticNew - INFO - epoch 24, MAX_F1: 69.51

2023-09-27 16:40:27,749 - statisticNew - INFO - Epoch: 25 / 100 ：
2023-09-27 16:40:27,749 - statisticNew - INFO - epoch 25, lr: 0.1 
2023-09-27 16:40:32,621 - statisticNew - INFO - epoch 25, loss : 0.204249489546558
2023-09-27 16:40:33,413 - statisticNew - INFO - epoch: 25, info: accuracy:  97.06%; precision:  67.40%; recall:  70.21%; FB1:  68.78
2023-09-27 16:40:33,414 - statisticNew - INFO - epoch 25, f1 : 68.78
2023-09-27 16:40:33,414 - statisticNew - INFO - epoch 25, MAX_F1: 69.51

2023-09-27 16:40:33,414 - statisticNew - INFO - Epoch: 26 / 100 ：
2023-09-27 16:40:33,414 - statisticNew - INFO - epoch 26, lr: 0.1 
2023-09-27 16:40:38,277 - statisticNew - INFO - epoch 26, loss : 0.1961640197507761
2023-09-27 16:40:39,075 - statisticNew - INFO - epoch: 26, info: accuracy:  97.14%; precision:  70.73%; recall:  66.46%; FB1:  68.53
2023-09-27 16:40:39,077 - statisticNew - INFO - epoch 26, f1 : 68.53
2023-09-27 16:40:39,077 - statisticNew - INFO - epoch 26, MAX_F1: 69.51

2023-09-27 16:40:39,077 - statisticNew - INFO - Epoch: 27 / 100 ：
2023-09-27 16:40:39,077 - statisticNew - INFO - epoch 27, lr: 0.1 
2023-09-27 16:40:43,957 - statisticNew - INFO - epoch 27, loss : 0.19638396420136647
2023-09-27 16:40:44,750 - statisticNew - INFO - epoch: 27, info: accuracy:  97.12%; precision:  69.12%; recall:  68.54%; FB1:  68.83
2023-09-27 16:40:44,751 - statisticNew - INFO - epoch 27, f1 : 68.83
2023-09-27 16:40:44,751 - statisticNew - INFO - epoch 27, MAX_F1: 69.51

2023-09-27 16:40:44,751 - statisticNew - INFO - Epoch: 28 / 100 ：
2023-09-27 16:40:44,751 - statisticNew - INFO - epoch 28, lr: 0.1 
2023-09-27 16:40:49,631 - statisticNew - INFO - epoch 28, loss : 0.18875591675348488
2023-09-27 16:40:50,599 - statisticNew - INFO - epoch: 28, info: accuracy:  96.97%; precision:  66.02%; recall:  70.83%; FB1:  68.34
2023-09-27 16:40:50,600 - statisticNew - INFO - epoch 28, f1 : 68.34
2023-09-27 16:40:50,600 - statisticNew - INFO - epoch 28, MAX_F1: 69.51

2023-09-27 16:40:50,600 - statisticNew - INFO - Epoch: 29 / 100 ：
2023-09-27 16:40:50,600 - statisticNew - INFO - epoch 29, lr: 0.1 
2023-09-27 16:40:55,468 - statisticNew - INFO - epoch 29, loss : 0.1820027534102584
2023-09-27 16:40:56,270 - statisticNew - INFO - epoch: 29, info: accuracy:  97.01%; precision:  66.67%; recall:  70.42%; FB1:  68.49
2023-09-27 16:40:56,271 - statisticNew - INFO - epoch 29, f1 : 68.49
2023-09-27 16:40:56,271 - statisticNew - INFO - epoch 29, MAX_F1: 69.51

2023-09-27 16:40:56,271 - statisticNew - INFO - Epoch: 30 / 100 ：
2023-09-27 16:40:56,271 - statisticNew - INFO - epoch 30, lr: 0.1 
2023-09-27 16:41:01,153 - statisticNew - INFO - epoch 30, loss : 0.17837754034517725
2023-09-27 16:41:01,945 - statisticNew - INFO - epoch: 30, info: accuracy:  97.27%; precision:  70.92%; recall:  70.62%; FB1:  70.77
2023-09-27 16:41:01,946 - statisticNew - INFO - epoch 30, f1 : 70.77
2023-09-27 16:41:02,221 - statisticNew - INFO - epoch 30, MAX_F1: 70.77

2023-09-27 16:41:02,221 - statisticNew - INFO - Epoch: 31 / 100 ：
2023-09-27 16:41:02,222 - statisticNew - INFO - epoch 31, lr: 0.1 
2023-09-27 16:41:07,090 - statisticNew - INFO - epoch 31, loss : 0.17158202777536194
2023-09-27 16:41:07,886 - statisticNew - INFO - epoch: 31, info: accuracy:  96.94%; precision:  66.14%; recall:  70.42%; FB1:  68.21
2023-09-27 16:41:07,888 - statisticNew - INFO - epoch 31, f1 : 68.21
2023-09-27 16:41:07,888 - statisticNew - INFO - epoch 31, MAX_F1: 70.77

2023-09-27 16:41:07,888 - statisticNew - INFO - Epoch: 32 / 100 ：
2023-09-27 16:41:07,888 - statisticNew - INFO - epoch 32, lr: 0.1 
2023-09-27 16:41:12,774 - statisticNew - INFO - epoch 32, loss : 0.1689604454110434
2023-09-27 16:41:13,579 - statisticNew - INFO - epoch: 32, info: accuracy:  97.05%; precision:  66.54%; recall:  70.42%; FB1:  68.42
2023-09-27 16:41:13,580 - statisticNew - INFO - epoch 32, f1 : 68.42
2023-09-27 16:41:13,581 - statisticNew - INFO - epoch 32, MAX_F1: 70.77

2023-09-27 16:41:13,581 - statisticNew - INFO - Epoch: 33 / 100 ：
2023-09-27 16:41:13,581 - statisticNew - INFO - epoch 33, lr: 0.1 
2023-09-27 16:41:18,468 - statisticNew - INFO - epoch 33, loss : 0.16406200076510877
2023-09-27 16:41:19,260 - statisticNew - INFO - epoch: 33, info: accuracy:  97.09%; precision:  68.01%; recall:  70.42%; FB1:  69.19
2023-09-27 16:41:19,261 - statisticNew - INFO - epoch 33, f1 : 69.19
2023-09-27 16:41:19,261 - statisticNew - INFO - epoch 33, MAX_F1: 70.77

2023-09-27 16:41:19,261 - statisticNew - INFO - Epoch: 34 / 100 ：
2023-09-27 16:41:19,261 - statisticNew - INFO - epoch 34, lr: 0.1 
2023-09-27 16:41:24,207 - statisticNew - INFO - epoch 34, loss : 0.16170340420011384
2023-09-27 16:41:24,999 - statisticNew - INFO - epoch: 34, info: accuracy:  97.18%; precision:  68.62%; recall:  70.62%; FB1:  69.61
2023-09-27 16:41:25,000 - statisticNew - INFO - epoch 34, f1 : 69.61
2023-09-27 16:41:25,000 - statisticNew - INFO - epoch 34, MAX_F1: 70.77

2023-09-27 16:41:25,000 - statisticNew - INFO - Epoch: 35 / 100 ：
2023-09-27 16:41:25,000 - statisticNew - INFO - epoch 35, lr: 0.1 
2023-09-27 16:41:29,863 - statisticNew - INFO - epoch 35, loss : 0.15671169548582883
2023-09-27 16:41:30,664 - statisticNew - INFO - epoch: 35, info: accuracy:  97.19%; precision:  68.85%; recall:  72.29%; FB1:  70.53
2023-09-27 16:41:30,665 - statisticNew - INFO - epoch 35, f1 : 70.53
2023-09-27 16:41:30,665 - statisticNew - INFO - epoch 35, MAX_F1: 70.77

2023-09-27 16:41:30,665 - statisticNew - INFO - Epoch: 36 / 100 ：
2023-09-27 16:41:30,666 - statisticNew - INFO - epoch 36, lr: 0.1 
2023-09-27 16:41:35,534 - statisticNew - INFO - epoch 36, loss : 0.15179345101394034
2023-09-27 16:41:36,329 - statisticNew - INFO - epoch: 36, info: accuracy:  97.02%; precision:  66.48%; recall:  72.29%; FB1:  69.26
2023-09-27 16:41:36,331 - statisticNew - INFO - epoch 36, f1 : 69.26
2023-09-27 16:41:36,331 - statisticNew - INFO - epoch 36, MAX_F1: 70.77

2023-09-27 16:41:36,331 - statisticNew - INFO - Epoch: 37 / 100 ：
2023-09-27 16:41:36,331 - statisticNew - INFO - epoch 37, lr: 0.1 
2023-09-27 16:41:41,213 - statisticNew - INFO - epoch 37, loss : 0.14854789444785796
2023-09-27 16:41:42,005 - statisticNew - INFO - epoch: 37, info: accuracy:  97.16%; precision:  71.53%; recall:  65.42%; FB1:  68.34
2023-09-27 16:41:42,007 - statisticNew - INFO - epoch 37, f1 : 68.34
2023-09-27 16:41:42,007 - statisticNew - INFO - epoch 37, MAX_F1: 70.77

2023-09-27 16:41:42,007 - statisticNew - INFO - Epoch: 38 / 100 ：
2023-09-27 16:41:42,007 - statisticNew - INFO - epoch 38, lr: 0.1 
2023-09-27 16:41:46,878 - statisticNew - INFO - epoch 38, loss : 0.14630206923839856
2023-09-27 16:41:47,680 - statisticNew - INFO - epoch: 38, info: accuracy:  97.26%; precision:  70.91%; recall:  68.54%; FB1:  69.70
2023-09-27 16:41:47,681 - statisticNew - INFO - epoch 38, f1 : 69.7
2023-09-27 16:41:47,681 - statisticNew - INFO - epoch 38, MAX_F1: 70.77

2023-09-27 16:41:47,681 - statisticNew - INFO - Epoch: 39 / 100 ：
2023-09-27 16:41:47,682 - statisticNew - INFO - epoch 39, lr: 0.1 
2023-09-27 16:41:52,551 - statisticNew - INFO - epoch 39, loss : 0.14280536066579783
2023-09-27 16:41:53,346 - statisticNew - INFO - epoch: 39, info: accuracy:  97.30%; precision:  72.85%; recall:  67.08%; FB1:  69.85
2023-09-27 16:41:53,347 - statisticNew - INFO - epoch 39, f1 : 69.85
2023-09-27 16:41:53,348 - statisticNew - INFO - epoch 39, MAX_F1: 70.77

2023-09-27 16:41:53,348 - statisticNew - INFO - Epoch: 40 / 100 ：
2023-09-27 16:41:53,348 - statisticNew - INFO - epoch 40, lr: 0.1 
2023-09-27 16:41:58,234 - statisticNew - INFO - epoch 40, loss : 0.134503173308424
2023-09-27 16:41:59,024 - statisticNew - INFO - epoch: 40, info: accuracy:  97.00%; precision:  66.35%; recall:  72.29%; FB1:  69.19
2023-09-27 16:41:59,026 - statisticNew - INFO - epoch 40, f1 : 69.19
2023-09-27 16:41:59,026 - statisticNew - INFO - epoch 40, MAX_F1: 70.77

2023-09-27 16:41:59,026 - statisticNew - INFO - Epoch: 41 / 100 ：
2023-09-27 16:41:59,026 - statisticNew - INFO - epoch 41, lr: 0.1 
2023-09-27 16:42:03,882 - statisticNew - INFO - epoch 41, loss : 0.13478014630805932
2023-09-27 16:42:04,683 - statisticNew - INFO - epoch: 41, info: accuracy:  97.09%; precision:  68.66%; recall:  67.08%; FB1:  67.86
2023-09-27 16:42:04,684 - statisticNew - INFO - epoch 41, f1 : 67.86
2023-09-27 16:42:04,685 - statisticNew - INFO - epoch 41, MAX_F1: 70.77

2023-09-27 16:42:04,685 - statisticNew - INFO - Epoch: 42 / 100 ：
2023-09-27 16:42:04,685 - statisticNew - INFO - epoch 42, lr: 0.1 
2023-09-27 16:42:09,570 - statisticNew - INFO - epoch 42, loss : 0.13143496156704645
2023-09-27 16:42:10,368 - statisticNew - INFO - epoch: 42, info: accuracy:  97.12%; precision:  68.62%; recall:  68.33%; FB1:  68.48
2023-09-27 16:42:10,369 - statisticNew - INFO - epoch 42, f1 : 68.48
2023-09-27 16:42:10,369 - statisticNew - INFO - epoch 42, MAX_F1: 70.77

2023-09-27 16:42:10,369 - statisticNew - INFO - Epoch: 43 / 100 ：
2023-09-27 16:42:10,370 - statisticNew - INFO - epoch 43, lr: 0.1 
2023-09-27 16:42:15,281 - statisticNew - INFO - epoch 43, loss : 0.12955404369212273
2023-09-27 16:42:16,460 - statisticNew - INFO - epoch: 43, info: accuracy:  97.09%; precision:  68.83%; recall:  68.54%; FB1:  68.68
2023-09-27 16:42:16,462 - statisticNew - INFO - epoch 43, f1 : 68.68
2023-09-27 16:42:16,462 - statisticNew - INFO - epoch 43, MAX_F1: 70.77

2023-09-27 16:42:16,462 - statisticNew - INFO - Epoch: 44 / 100 ：
2023-09-27 16:42:16,462 - statisticNew - INFO - epoch 44, lr: 0.1 
2023-09-27 16:42:21,363 - statisticNew - INFO - epoch 44, loss : 0.12786053751169899
2023-09-27 16:42:22,155 - statisticNew - INFO - epoch: 44, info: accuracy:  97.35%; precision:  73.13%; recall:  69.17%; FB1:  71.09
2023-09-27 16:42:22,156 - statisticNew - INFO - epoch 44, f1 : 71.09
2023-09-27 16:42:22,240 - statisticNew - INFO - epoch 44, MAX_F1: 71.09

2023-09-27 16:42:22,240 - statisticNew - INFO - Epoch: 45 / 100 ：
2023-09-27 16:42:22,240 - statisticNew - INFO - epoch 45, lr: 0.1 
2023-09-27 16:42:27,119 - statisticNew - INFO - epoch 45, loss : 0.12208366150864297
2023-09-27 16:42:27,913 - statisticNew - INFO - epoch: 45, info: accuracy:  97.21%; precision:  69.67%; recall:  69.38%; FB1:  69.52
2023-09-27 16:42:27,915 - statisticNew - INFO - epoch 45, f1 : 69.52
2023-09-27 16:42:27,915 - statisticNew - INFO - epoch 45, MAX_F1: 71.09

2023-09-27 16:42:27,915 - statisticNew - INFO - Epoch: 46 / 100 ：
2023-09-27 16:42:27,915 - statisticNew - INFO - epoch 46, lr: 0.1 
2023-09-27 16:42:32,805 - statisticNew - INFO - epoch 46, loss : 0.12207136189932992
2023-09-27 16:42:33,594 - statisticNew - INFO - epoch: 46, info: accuracy:  97.18%; precision:  69.44%; recall:  69.58%; FB1:  69.51
2023-09-27 16:42:33,595 - statisticNew - INFO - epoch 46, f1 : 69.51
2023-09-27 16:42:33,595 - statisticNew - INFO - epoch 46, MAX_F1: 71.09

2023-09-27 16:42:33,596 - statisticNew - INFO - Epoch: 47 / 100 ：
2023-09-27 16:42:33,596 - statisticNew - INFO - epoch 47, lr: 0.1 
2023-09-27 16:42:38,487 - statisticNew - INFO - epoch 47, loss : 0.11863278189421068
2023-09-27 16:42:39,281 - statisticNew - INFO - epoch: 47, info: accuracy:  97.27%; precision:  71.77%; recall:  68.33%; FB1:  70.01
2023-09-27 16:42:39,282 - statisticNew - INFO - epoch 47, f1 : 70.01
2023-09-27 16:42:39,282 - statisticNew - INFO - epoch 47, MAX_F1: 71.09

2023-09-27 16:42:39,283 - statisticNew - INFO - Epoch: 48 / 100 ：
2023-09-27 16:42:39,283 - statisticNew - INFO - epoch 48, lr: 0.1 
2023-09-27 16:42:44,165 - statisticNew - INFO - epoch 48, loss : 0.11338377186315662
2023-09-27 16:42:44,960 - statisticNew - INFO - epoch: 48, info: accuracy:  97.26%; precision:  70.76%; recall:  69.58%; FB1:  70.17
2023-09-27 16:42:44,961 - statisticNew - INFO - epoch 48, f1 : 70.17
2023-09-27 16:42:44,961 - statisticNew - INFO - epoch 48, MAX_F1: 71.09

2023-09-27 16:42:44,962 - statisticNew - INFO - Epoch: 49 / 100 ：
2023-09-27 16:42:44,962 - statisticNew - INFO - epoch 49, lr: 0.1 
2023-09-27 16:42:49,826 - statisticNew - INFO - epoch 49, loss : 0.11354224723016407
2023-09-27 16:42:50,620 - statisticNew - INFO - epoch: 49, info: accuracy:  97.10%; precision:  68.45%; recall:  69.17%; FB1:  68.81
2023-09-27 16:42:50,621 - statisticNew - INFO - epoch 49, f1 : 68.81
2023-09-27 16:42:50,621 - statisticNew - INFO - epoch 49, MAX_F1: 71.09

2023-09-27 16:42:50,622 - statisticNew - INFO - Epoch: 50 / 100 ：
2023-09-27 16:42:50,622 - statisticNew - INFO - epoch 50, lr: 0.1 
2023-09-27 16:42:55,506 - statisticNew - INFO - epoch 50, loss : 0.11442771940894517
2023-09-27 16:42:56,304 - statisticNew - INFO - epoch: 50, info: accuracy:  97.30%; precision:  73.18%; recall:  67.08%; FB1:  70.00
2023-09-27 16:42:56,305 - statisticNew - INFO - epoch 50, f1 : 70.0
2023-09-27 16:42:56,306 - statisticNew - INFO - epoch 50, MAX_F1: 71.09

2023-09-27 16:42:56,306 - statisticNew - INFO - Epoch: 51 / 100 ：
2023-09-27 16:42:56,306 - statisticNew - INFO - epoch 51, lr: 0.1 
2023-09-27 16:43:01,169 - statisticNew - INFO - epoch 51, loss : 0.10803409278346801
2023-09-27 16:43:01,967 - statisticNew - INFO - epoch: 51, info: accuracy:  97.15%; precision:  70.02%; recall:  69.58%; FB1:  69.80
2023-09-27 16:43:01,968 - statisticNew - INFO - epoch 51, f1 : 69.8
2023-09-27 16:43:01,968 - statisticNew - INFO - epoch 51, MAX_F1: 71.09

2023-09-27 16:43:01,968 - statisticNew - INFO - Epoch: 52 / 100 ：
2023-09-27 16:43:01,968 - statisticNew - INFO - epoch 52, lr: 0.1 
2023-09-27 16:43:06,835 - statisticNew - INFO - epoch 52, loss : 0.10486981445164592
2023-09-27 16:43:07,629 - statisticNew - INFO - epoch: 52, info: accuracy:  97.08%; precision:  68.24%; recall:  69.38%; FB1:  68.80
2023-09-27 16:43:07,630 - statisticNew - INFO - epoch 52, f1 : 68.8
2023-09-27 16:43:07,631 - statisticNew - INFO - epoch 52, MAX_F1: 71.09

2023-09-27 16:43:07,631 - statisticNew - INFO - Epoch: 53 / 100 ：
2023-09-27 16:43:07,631 - statisticNew - INFO - epoch 53, lr: 0.1 
2023-09-27 16:43:12,577 - statisticNew - INFO - epoch 53, loss : 0.1025000624416143
2023-09-27 16:43:13,375 - statisticNew - INFO - epoch: 53, info: accuracy:  97.14%; precision:  69.75%; recall:  69.17%; FB1:  69.46
2023-09-27 16:43:13,376 - statisticNew - INFO - epoch 53, f1 : 69.46
2023-09-27 16:43:13,377 - statisticNew - INFO - epoch 53, MAX_F1: 71.09

2023-09-27 16:43:13,377 - statisticNew - INFO - Epoch: 54 / 100 ：
2023-09-27 16:43:13,377 - statisticNew - INFO - epoch 54, lr: 0.1 
2023-09-27 16:43:18,329 - statisticNew - INFO - epoch 54, loss : 0.10515249992812765
2023-09-27 16:43:19,125 - statisticNew - INFO - epoch: 54, info: accuracy:  97.39%; precision:  74.94%; recall:  66.67%; FB1:  70.56
2023-09-27 16:43:19,126 - statisticNew - INFO - epoch 54, f1 : 70.56
2023-09-27 16:43:19,126 - statisticNew - INFO - epoch 54, MAX_F1: 71.09

2023-09-27 16:43:19,127 - statisticNew - INFO - Epoch: 55 / 100 ：
2023-09-27 16:43:19,127 - statisticNew - INFO - epoch 55, lr: 0.1 
2023-09-27 16:43:23,994 - statisticNew - INFO - epoch 55, loss : 0.09836988850140277
2023-09-27 16:43:24,789 - statisticNew - INFO - epoch: 55, info: accuracy:  97.21%; precision:  70.91%; recall:  68.54%; FB1:  69.70
2023-09-27 16:43:24,790 - statisticNew - INFO - epoch 55, f1 : 69.7
2023-09-27 16:43:24,791 - statisticNew - INFO - epoch 55, MAX_F1: 71.09

2023-09-27 16:43:24,791 - statisticNew - INFO - Epoch: 56 / 100 ：
2023-09-27 16:43:24,791 - statisticNew - INFO - epoch 56, lr: 0.1 
2023-09-27 16:43:29,665 - statisticNew - INFO - epoch 56, loss : 0.09787636059393853
2023-09-27 16:43:30,461 - statisticNew - INFO - epoch: 56, info: accuracy:  97.16%; precision:  69.42%; recall:  70.00%; FB1:  69.71
2023-09-27 16:43:30,462 - statisticNew - INFO - epoch 56, f1 : 69.71
2023-09-27 16:43:30,462 - statisticNew - INFO - epoch 56, MAX_F1: 71.09

2023-09-27 16:43:30,462 - statisticNew - INFO - Epoch: 57 / 100 ：
2023-09-27 16:43:30,462 - statisticNew - INFO - epoch 57, lr: 0.1 
2023-09-27 16:43:35,349 - statisticNew - INFO - epoch 57, loss : 0.09521408885987591
2023-09-27 16:43:36,139 - statisticNew - INFO - epoch: 57, info: accuracy:  97.18%; precision:  68.95%; recall:  67.08%; FB1:  68.00
2023-09-27 16:43:36,140 - statisticNew - INFO - epoch 57, f1 : 68.0
2023-09-27 16:43:36,140 - statisticNew - INFO - epoch 57, MAX_F1: 71.09

2023-09-27 16:43:36,140 - statisticNew - INFO - Epoch: 58 / 100 ：
2023-09-27 16:43:36,140 - statisticNew - INFO - epoch 58, lr: 0.1 
2023-09-27 16:43:41,018 - statisticNew - INFO - epoch 58, loss : 0.09291950737436612
2023-09-27 16:43:41,811 - statisticNew - INFO - epoch: 58, info: accuracy:  97.39%; precision:  74.83%; recall:  67.50%; FB1:  70.97
2023-09-27 16:43:41,813 - statisticNew - INFO - epoch 58, f1 : 70.97
2023-09-27 16:43:41,813 - statisticNew - INFO - epoch 58, MAX_F1: 71.09

2023-09-27 16:43:41,813 - statisticNew - INFO - Epoch: 59 / 100 ：
2023-09-27 16:43:41,813 - statisticNew - INFO - epoch 59, lr: 0.1 
2023-09-27 16:43:46,688 - statisticNew - INFO - epoch 59, loss : 0.08875539499323493
2023-09-27 16:43:47,482 - statisticNew - INFO - epoch: 59, info: accuracy:  97.10%; precision:  66.80%; recall:  71.25%; FB1:  68.95
2023-09-27 16:43:47,483 - statisticNew - INFO - epoch 59, f1 : 68.95
2023-09-27 16:43:47,484 - statisticNew - INFO - epoch 59, MAX_F1: 71.09

2023-09-27 16:43:47,484 - statisticNew - INFO - Epoch: 60 / 100 ：
2023-09-27 16:43:47,484 - statisticNew - INFO - epoch 60, lr: 0.1 
2023-09-27 16:43:52,360 - statisticNew - INFO - epoch 60, loss : 0.08683109428175943
2023-09-27 16:43:53,150 - statisticNew - INFO - epoch: 60, info: accuracy:  97.22%; precision:  69.14%; recall:  70.00%; FB1:  69.57
2023-09-27 16:43:53,152 - statisticNew - INFO - epoch 60, f1 : 69.57
2023-09-27 16:43:53,152 - statisticNew - INFO - epoch 60, MAX_F1: 71.09

2023-09-27 16:43:53,152 - statisticNew - INFO - Epoch: 61 / 100 ：
2023-09-27 16:43:53,152 - statisticNew - INFO - epoch 61, lr: 0.1 
2023-09-27 16:43:58,032 - statisticNew - INFO - epoch 61, loss : 0.08396527823060751
2023-09-27 16:43:58,831 - statisticNew - INFO - epoch: 61, info: accuracy:  97.25%; precision:  70.99%; recall:  67.29%; FB1:  69.09
2023-09-27 16:43:58,832 - statisticNew - INFO - epoch 61, f1 : 69.09
2023-09-27 16:43:58,832 - statisticNew - INFO - epoch 61, MAX_F1: 71.09

2023-09-27 16:43:58,832 - statisticNew - INFO - Epoch: 62 / 100 ：
2023-09-27 16:43:58,832 - statisticNew - INFO - epoch 62, lr: 0.1 
2023-09-27 16:44:03,707 - statisticNew - INFO - epoch 62, loss : 0.0820693359537809
2023-09-27 16:44:04,504 - statisticNew - INFO - epoch: 62, info: accuracy:  97.31%; precision:  72.71%; recall:  67.71%; FB1:  70.12
2023-09-27 16:44:04,506 - statisticNew - INFO - epoch 62, f1 : 70.12
2023-09-27 16:44:04,506 - statisticNew - INFO - epoch 62, MAX_F1: 71.09

2023-09-27 16:44:04,506 - statisticNew - INFO - Epoch: 63 / 100 ：
2023-09-27 16:44:04,506 - statisticNew - INFO - epoch 63, lr: 0.1 
2023-09-27 16:44:09,576 - statisticNew - INFO - epoch 63, loss : 0.08100679294022237
2023-09-27 16:44:10,585 - statisticNew - INFO - epoch: 63, info: accuracy:  97.21%; precision:  68.80%; recall:  71.67%; FB1:  70.20
2023-09-27 16:44:10,587 - statisticNew - INFO - epoch 63, f1 : 70.2
2023-09-27 16:44:10,587 - statisticNew - INFO - epoch 63, MAX_F1: 71.09

2023-09-27 16:44:10,587 - statisticNew - INFO - Epoch: 64 / 100 ：
2023-09-27 16:44:10,587 - statisticNew - INFO - epoch 64, lr: 0.1 
2023-09-27 16:44:15,472 - statisticNew - INFO - epoch 64, loss : 0.0791314516365988
2023-09-27 16:44:16,265 - statisticNew - INFO - epoch: 64, info: accuracy:  97.27%; precision:  71.00%; recall:  68.33%; FB1:  69.64
2023-09-27 16:44:16,267 - statisticNew - INFO - epoch 64, f1 : 69.64
2023-09-27 16:44:16,267 - statisticNew - INFO - epoch 64, MAX_F1: 71.09

2023-09-27 16:44:16,267 - statisticNew - INFO - Epoch: 65 / 100 ：
2023-09-27 16:44:16,267 - statisticNew - INFO - epoch 65, lr: 0.1 
2023-09-27 16:44:21,140 - statisticNew - INFO - epoch 65, loss : 0.08506139571330061
2023-09-27 16:44:21,934 - statisticNew - INFO - epoch: 65, info: accuracy:  97.36%; precision:  74.23%; recall:  65.42%; FB1:  69.55
2023-09-27 16:44:21,935 - statisticNew - INFO - epoch 65, f1 : 69.55
2023-09-27 16:44:21,935 - statisticNew - INFO - epoch 65, MAX_F1: 71.09

2023-09-27 16:44:21,935 - statisticNew - INFO - Epoch: 66 / 100 ：
2023-09-27 16:44:21,935 - statisticNew - INFO - epoch 66, lr: 0.1 
2023-09-27 16:44:26,821 - statisticNew - INFO - epoch 66, loss : 0.07824096217590534
2023-09-27 16:44:27,615 - statisticNew - INFO - epoch: 66, info: accuracy:  97.30%; precision:  72.94%; recall:  66.25%; FB1:  69.43
2023-09-27 16:44:27,615 - statisticNew - INFO - epoch 66, f1 : 69.43
2023-09-27 16:44:27,616 - statisticNew - INFO - epoch 66, MAX_F1: 71.09

2023-09-27 16:44:27,616 - statisticNew - INFO - Epoch: 67 / 100 ：
2023-09-27 16:44:27,616 - statisticNew - INFO - epoch 67, lr: 0.1 
2023-09-27 16:44:32,486 - statisticNew - INFO - epoch 67, loss : 0.07412275347720694
2023-09-27 16:44:33,280 - statisticNew - INFO - epoch: 67, info: accuracy:  97.37%; precision:  71.88%; recall:  70.83%; FB1:  71.35
2023-09-27 16:44:33,281 - statisticNew - INFO - epoch 67, f1 : 71.35
2023-09-27 16:44:33,361 - statisticNew - INFO - epoch 67, MAX_F1: 71.35

2023-09-27 16:44:33,361 - statisticNew - INFO - Epoch: 68 / 100 ：
2023-09-27 16:44:33,361 - statisticNew - INFO - epoch 68, lr: 0.1 
2023-09-27 16:44:38,236 - statisticNew - INFO - epoch 68, loss : 0.07472779330464056
2023-09-27 16:44:39,028 - statisticNew - INFO - epoch: 68, info: accuracy:  97.30%; precision:  72.47%; recall:  68.54%; FB1:  70.45
2023-09-27 16:44:39,030 - statisticNew - INFO - epoch 68, f1 : 70.45
2023-09-27 16:44:39,030 - statisticNew - INFO - epoch 68, MAX_F1: 71.35

2023-09-27 16:44:39,030 - statisticNew - INFO - Epoch: 69 / 100 ：
2023-09-27 16:44:39,030 - statisticNew - INFO - epoch 69, lr: 0.1 
2023-09-27 16:44:43,915 - statisticNew - INFO - epoch 69, loss : 0.07468754092208398
2023-09-27 16:44:44,712 - statisticNew - INFO - epoch: 69, info: accuracy:  97.04%; precision:  66.80%; recall:  72.08%; FB1:  69.34
2023-09-27 16:44:44,713 - statisticNew - INFO - epoch 69, f1 : 69.34
2023-09-27 16:44:44,713 - statisticNew - INFO - epoch 69, MAX_F1: 71.35

2023-09-27 16:44:44,713 - statisticNew - INFO - Epoch: 70 / 100 ：
2023-09-27 16:44:44,713 - statisticNew - INFO - epoch 70, lr: 0.1 
2023-09-27 16:44:49,593 - statisticNew - INFO - epoch 70, loss : 0.07361368177872565
2023-09-27 16:44:50,388 - statisticNew - INFO - epoch: 70, info: accuracy:  97.35%; precision:  74.82%; recall:  64.38%; FB1:  69.20
2023-09-27 16:44:50,389 - statisticNew - INFO - epoch 70, f1 : 69.2
2023-09-27 16:44:50,389 - statisticNew - INFO - epoch 70, MAX_F1: 71.35

2023-09-27 16:44:50,389 - statisticNew - INFO - Epoch: 71 / 100 ：
2023-09-27 16:44:50,389 - statisticNew - INFO - epoch 71, lr: 0.1 
2023-09-27 16:44:55,258 - statisticNew - INFO - epoch 71, loss : 0.06615420883211716
2023-09-27 16:44:56,057 - statisticNew - INFO - epoch: 71, info: accuracy:  97.21%; precision:  70.64%; recall:  66.67%; FB1:  68.60
2023-09-27 16:44:56,059 - statisticNew - INFO - epoch 71, f1 : 68.6
2023-09-27 16:44:56,059 - statisticNew - INFO - epoch 71, MAX_F1: 71.35

2023-09-27 16:44:56,059 - statisticNew - INFO - Epoch: 72 / 100 ：
2023-09-27 16:44:56,059 - statisticNew - INFO - epoch 72, lr: 0.1 
2023-09-27 16:45:00,947 - statisticNew - INFO - epoch 72, loss : 0.06889150207387973
2023-09-27 16:45:01,748 - statisticNew - INFO - epoch: 72, info: accuracy:  97.21%; precision:  71.05%; recall:  66.46%; FB1:  68.68
2023-09-27 16:45:01,749 - statisticNew - INFO - epoch 72, f1 : 68.68
2023-09-27 16:45:01,749 - statisticNew - INFO - epoch 72, MAX_F1: 71.35

2023-09-27 16:45:01,749 - statisticNew - INFO - Epoch: 73 / 100 ：
2023-09-27 16:45:01,749 - statisticNew - INFO - epoch 73, lr: 0.1 
2023-09-27 16:45:06,754 - statisticNew - INFO - epoch 73, loss : 0.06871921035898045
2023-09-27 16:45:07,542 - statisticNew - INFO - epoch: 73, info: accuracy:  97.20%; precision:  71.79%; recall:  65.21%; FB1:  68.34
2023-09-27 16:45:07,544 - statisticNew - INFO - epoch 73, f1 : 68.34
2023-09-27 16:45:07,544 - statisticNew - INFO - epoch 73, MAX_F1: 71.35

2023-09-27 16:45:07,544 - statisticNew - INFO - Epoch: 74 / 100 ：
2023-09-27 16:45:07,544 - statisticNew - INFO - epoch 74, lr: 0.1 
2023-09-27 16:45:12,415 - statisticNew - INFO - epoch 74, loss : 0.06426128686727657
2023-09-27 16:45:13,207 - statisticNew - INFO - epoch: 74, info: accuracy:  97.21%; precision:  72.33%; recall:  64.79%; FB1:  68.35
2023-09-27 16:45:13,208 - statisticNew - INFO - epoch 74, f1 : 68.35
2023-09-27 16:45:13,208 - statisticNew - INFO - epoch 74, MAX_F1: 71.35

2023-09-27 16:45:13,209 - statisticNew - INFO - Epoch: 75 / 100 ：
2023-09-27 16:45:13,209 - statisticNew - INFO - epoch 75, lr: 0.1 
2023-09-27 16:45:18,078 - statisticNew - INFO - epoch 75, loss : 0.06347916490846763
2023-09-27 16:45:18,871 - statisticNew - INFO - epoch: 75, info: accuracy:  97.36%; precision:  74.30%; recall:  66.25%; FB1:  70.04
2023-09-27 16:45:18,872 - statisticNew - INFO - epoch 75, f1 : 70.04
2023-09-27 16:45:18,873 - statisticNew - INFO - epoch 75, MAX_F1: 71.35

2023-09-27 16:45:18,873 - statisticNew - INFO - Epoch: 76 / 100 ：
2023-09-27 16:45:18,873 - statisticNew - INFO - epoch 76, lr: 0.1 
2023-09-27 16:45:23,729 - statisticNew - INFO - epoch 76, loss : 0.06547842251228882
2023-09-27 16:45:24,521 - statisticNew - INFO - epoch: 76, info: accuracy:  97.28%; precision:  70.59%; recall:  70.00%; FB1:  70.29
2023-09-27 16:45:24,522 - statisticNew - INFO - epoch 76, f1 : 70.29
2023-09-27 16:45:24,522 - statisticNew - INFO - epoch 76, MAX_F1: 71.35

2023-09-27 16:45:24,522 - statisticNew - INFO - Epoch: 77 / 100 ：
2023-09-27 16:45:24,522 - statisticNew - INFO - epoch 77, lr: 0.1 
2023-09-27 16:45:29,404 - statisticNew - INFO - epoch 77, loss : 0.057519148816756994
2023-09-27 16:45:30,193 - statisticNew - INFO - epoch: 77, info: accuracy:  97.41%; precision:  73.70%; recall:  67.71%; FB1:  70.58
2023-09-27 16:45:30,194 - statisticNew - INFO - epoch 77, f1 : 70.58
2023-09-27 16:45:30,195 - statisticNew - INFO - epoch 77, MAX_F1: 71.35

2023-09-27 16:45:30,195 - statisticNew - INFO - Epoch: 78 / 100 ：
2023-09-27 16:45:30,195 - statisticNew - INFO - epoch 78, lr: 0.1 
2023-09-27 16:45:35,060 - statisticNew - INFO - epoch 78, loss : 0.06171635417971921
2023-09-27 16:45:35,851 - statisticNew - INFO - epoch: 78, info: accuracy:  97.39%; precision:  74.09%; recall:  67.92%; FB1:  70.87
2023-09-27 16:45:35,853 - statisticNew - INFO - epoch 78, f1 : 70.87
2023-09-27 16:45:35,853 - statisticNew - INFO - epoch 78, MAX_F1: 71.35

2023-09-27 16:45:35,853 - statisticNew - INFO - Epoch: 79 / 100 ：
2023-09-27 16:45:35,853 - statisticNew - INFO - epoch 79, lr: 0.1 
2023-09-27 16:45:40,732 - statisticNew - INFO - epoch 79, loss : 0.05952870831422416
2023-09-27 16:45:41,527 - statisticNew - INFO - epoch: 79, info: accuracy:  97.25%; precision:  71.91%; recall:  66.67%; FB1:  69.19
2023-09-27 16:45:41,529 - statisticNew - INFO - epoch 79, f1 : 69.19
2023-09-27 16:45:41,529 - statisticNew - INFO - epoch 79, MAX_F1: 71.35

2023-09-27 16:45:41,529 - statisticNew - INFO - Epoch: 80 / 100 ：
2023-09-27 16:45:41,529 - statisticNew - INFO - epoch 80, lr: 0.1 
2023-09-27 16:45:46,406 - statisticNew - INFO - epoch 80, loss : 0.06116375821228656
2023-09-27 16:45:47,197 - statisticNew - INFO - epoch: 80, info: accuracy:  97.29%; precision:  71.46%; recall:  68.33%; FB1:  69.86
2023-09-27 16:45:47,198 - statisticNew - INFO - epoch 80, f1 : 69.86
2023-09-27 16:45:47,198 - statisticNew - INFO - epoch 80, MAX_F1: 71.35

2023-09-27 16:45:47,198 - statisticNew - INFO - Epoch: 81 / 100 ：
2023-09-27 16:45:47,198 - statisticNew - INFO - epoch 81, lr: 0.1 
2023-09-27 16:45:52,082 - statisticNew - INFO - epoch 81, loss : 0.05984042277904572
2023-09-27 16:45:52,884 - statisticNew - INFO - epoch: 81, info: accuracy:  97.30%; precision:  73.67%; recall:  66.46%; FB1:  69.88
2023-09-27 16:45:52,885 - statisticNew - INFO - epoch 81, f1 : 69.88
2023-09-27 16:45:52,885 - statisticNew - INFO - epoch 81, MAX_F1: 71.35

2023-09-27 16:45:52,886 - statisticNew - INFO - Epoch: 82 / 100 ：
2023-09-27 16:45:52,886 - statisticNew - INFO - epoch 82, lr: 0.1 
2023-09-27 16:45:57,810 - statisticNew - INFO - epoch 82, loss : 0.05858814347978038
2023-09-27 16:45:58,608 - statisticNew - INFO - epoch: 82, info: accuracy:  97.24%; precision:  71.95%; recall:  66.25%; FB1:  68.98
2023-09-27 16:45:58,609 - statisticNew - INFO - epoch 82, f1 : 68.98
2023-09-27 16:45:58,609 - statisticNew - INFO - epoch 82, MAX_F1: 71.35

2023-09-27 16:45:58,609 - statisticNew - INFO - Epoch: 83 / 100 ：
2023-09-27 16:45:58,609 - statisticNew - INFO - epoch 83, lr: 0.1 
2023-09-27 16:46:03,527 - statisticNew - INFO - epoch 83, loss : 0.057419699861058666
2023-09-27 16:46:04,422 - statisticNew - INFO - epoch: 83, info: accuracy:  97.34%; precision:  72.19%; recall:  68.12%; FB1:  70.10
2023-09-27 16:46:04,423 - statisticNew - INFO - epoch 83, f1 : 70.1
2023-09-27 16:46:04,423 - statisticNew - INFO - epoch 83, MAX_F1: 71.35

2023-09-27 16:46:04,423 - statisticNew - INFO - Epoch: 84 / 100 ：
2023-09-27 16:46:04,423 - statisticNew - INFO - epoch 84, lr: 0.1 
2023-09-27 16:46:09,306 - statisticNew - INFO - epoch 84, loss : 0.05842343292394538
2023-09-27 16:46:10,106 - statisticNew - INFO - epoch: 84, info: accuracy:  97.21%; precision:  69.31%; recall:  69.17%; FB1:  69.24
2023-09-27 16:46:10,107 - statisticNew - INFO - epoch 84, f1 : 69.24
2023-09-27 16:46:10,107 - statisticNew - INFO - epoch 84, MAX_F1: 71.35

2023-09-27 16:46:10,107 - statisticNew - INFO - Epoch: 85 / 100 ：
2023-09-27 16:46:10,107 - statisticNew - INFO - epoch 85, lr: 0.1 
2023-09-27 16:46:14,987 - statisticNew - INFO - epoch 85, loss : 0.055093895402495506
2023-09-27 16:46:15,793 - statisticNew - INFO - epoch: 85, info: accuracy:  97.25%; precision:  70.21%; recall:  70.21%; FB1:  70.21
2023-09-27 16:46:15,794 - statisticNew - INFO - epoch 85, f1 : 70.21
2023-09-27 16:46:15,795 - statisticNew - INFO - epoch 85, MAX_F1: 71.35

2023-09-27 16:46:15,795 - statisticNew - INFO - Epoch: 86 / 100 ：
2023-09-27 16:46:15,795 - statisticNew - INFO - epoch 86, lr: 0.1 
2023-09-27 16:46:20,675 - statisticNew - INFO - epoch 86, loss : 0.05351759485086932
2023-09-27 16:46:21,469 - statisticNew - INFO - epoch: 86, info: accuracy:  97.27%; precision:  73.75%; recall:  64.38%; FB1:  68.74
2023-09-27 16:46:21,470 - statisticNew - INFO - epoch 86, f1 : 68.74
2023-09-27 16:46:21,470 - statisticNew - INFO - epoch 86, MAX_F1: 71.35

2023-09-27 16:46:21,470 - statisticNew - INFO - Epoch: 87 / 100 ：
2023-09-27 16:46:21,470 - statisticNew - INFO - epoch 87, lr: 0.1 
2023-09-27 16:46:26,357 - statisticNew - INFO - epoch 87, loss : 0.05539515890169567
2023-09-27 16:46:27,154 - statisticNew - INFO - epoch: 87, info: accuracy:  97.30%; precision:  71.62%; recall:  68.33%; FB1:  69.94
2023-09-27 16:46:27,155 - statisticNew - INFO - epoch 87, f1 : 69.94
2023-09-27 16:46:27,155 - statisticNew - INFO - epoch 87, MAX_F1: 71.35

2023-09-27 16:46:27,155 - statisticNew - INFO - Epoch: 88 / 100 ：
2023-09-27 16:46:27,156 - statisticNew - INFO - epoch 88, lr: 0.1 
2023-09-27 16:46:32,043 - statisticNew - INFO - epoch 88, loss : 0.050885490935157845
2023-09-27 16:46:32,838 - statisticNew - INFO - epoch: 88, info: accuracy:  97.38%; precision:  73.90%; recall:  66.67%; FB1:  70.10
2023-09-27 16:46:32,840 - statisticNew - INFO - epoch 88, f1 : 70.1
2023-09-27 16:46:32,840 - statisticNew - INFO - epoch 88, MAX_F1: 71.35

2023-09-27 16:46:32,840 - statisticNew - INFO - Epoch: 89 / 100 ：
2023-09-27 16:46:32,840 - statisticNew - INFO - epoch 89, lr: 0.1 
2023-09-27 16:46:37,718 - statisticNew - INFO - epoch 89, loss : 0.05053920483210894
2023-09-27 16:46:38,516 - statisticNew - INFO - epoch: 89, info: accuracy:  97.16%; precision:  68.62%; recall:  68.33%; FB1:  68.48
2023-09-27 16:46:38,519 - statisticNew - INFO - epoch 89, f1 : 68.48
2023-09-27 16:46:38,520 - statisticNew - INFO - epoch 89, MAX_F1: 71.35

2023-09-27 16:46:38,520 - statisticNew - INFO - Epoch: 90 / 100 ：
2023-09-27 16:46:38,520 - statisticNew - INFO - epoch 90, lr: 0.1 
2023-09-27 16:46:43,383 - statisticNew - INFO - epoch 90, loss : 0.04930213401898926
2023-09-27 16:46:44,181 - statisticNew - INFO - epoch: 90, info: accuracy:  97.27%; precision:  71.02%; recall:  67.92%; FB1:  69.44
2023-09-27 16:46:44,183 - statisticNew - INFO - epoch 90, f1 : 69.44
2023-09-27 16:46:44,183 - statisticNew - INFO - epoch 90, MAX_F1: 71.35

2023-09-27 16:46:44,183 - statisticNew - INFO - Epoch: 91 / 100 ：
2023-09-27 16:46:44,183 - statisticNew - INFO - epoch 91, lr: 0.1 
2023-09-27 16:46:49,059 - statisticNew - INFO - epoch 91, loss : 0.05139871390772133
2023-09-27 16:46:49,853 - statisticNew - INFO - epoch: 91, info: accuracy:  97.27%; precision:  71.49%; recall:  67.92%; FB1:  69.66
2023-09-27 16:46:49,854 - statisticNew - INFO - epoch 91, f1 : 69.66
2023-09-27 16:46:49,855 - statisticNew - INFO - epoch 91, MAX_F1: 71.35

2023-09-27 16:46:49,855 - statisticNew - INFO - Epoch: 92 / 100 ：
2023-09-27 16:46:49,855 - statisticNew - INFO - epoch 92, lr: 0.1 
2023-09-27 16:46:54,805 - statisticNew - INFO - epoch 92, loss : 0.05235755045461342
2023-09-27 16:46:55,606 - statisticNew - INFO - epoch: 92, info: accuracy:  97.22%; precision:  73.59%; recall:  62.71%; FB1:  67.72
2023-09-27 16:46:55,608 - statisticNew - INFO - epoch 92, f1 : 67.72
2023-09-27 16:46:55,608 - statisticNew - INFO - epoch 92, MAX_F1: 71.35

2023-09-27 16:46:55,608 - statisticNew - INFO - Epoch: 93 / 100 ：
2023-09-27 16:46:55,608 - statisticNew - INFO - epoch 93, lr: 0.1 
2023-09-27 16:47:00,524 - statisticNew - INFO - epoch 93, loss : 0.04838435123042192
2023-09-27 16:47:01,323 - statisticNew - INFO - epoch: 93, info: accuracy:  97.27%; precision:  72.44%; recall:  66.25%; FB1:  69.21
2023-09-27 16:47:01,325 - statisticNew - INFO - epoch 93, f1 : 69.21
2023-09-27 16:47:01,325 - statisticNew - INFO - epoch 93, MAX_F1: 71.35

2023-09-27 16:47:01,325 - statisticNew - INFO - Epoch: 94 / 100 ：
2023-09-27 16:47:01,325 - statisticNew - INFO - epoch 94, lr: 0.1 
2023-09-27 16:47:06,204 - statisticNew - INFO - epoch 94, loss : 0.04478773655676007
2023-09-27 16:47:06,996 - statisticNew - INFO - epoch: 94, info: accuracy:  97.39%; precision:  74.59%; recall:  66.04%; FB1:  70.06
2023-09-27 16:47:06,998 - statisticNew - INFO - epoch 94, f1 : 70.06
2023-09-27 16:47:06,998 - statisticNew - INFO - epoch 94, MAX_F1: 71.35

2023-09-27 16:47:06,998 - statisticNew - INFO - Epoch: 95 / 100 ：
2023-09-27 16:47:06,998 - statisticNew - INFO - epoch 95, lr: 0.1 
2023-09-27 16:47:11,879 - statisticNew - INFO - epoch 95, loss : 0.04686965886503458
2023-09-27 16:47:12,670 - statisticNew - INFO - epoch: 95, info: accuracy:  97.16%; precision:  69.46%; recall:  67.29%; FB1:  68.36
2023-09-27 16:47:12,671 - statisticNew - INFO - epoch 95, f1 : 68.36
2023-09-27 16:47:12,671 - statisticNew - INFO - epoch 95, MAX_F1: 71.35

2023-09-27 16:47:12,671 - statisticNew - INFO - Epoch: 96 / 100 ：
2023-09-27 16:47:12,671 - statisticNew - INFO - epoch 96, lr: 0.1 
2023-09-27 16:47:17,557 - statisticNew - INFO - epoch 96, loss : 0.046537829387680064
2023-09-27 16:47:18,357 - statisticNew - INFO - epoch: 96, info: accuracy:  97.33%; precision:  73.71%; recall:  65.42%; FB1:  69.32
2023-09-27 16:47:18,359 - statisticNew - INFO - epoch 96, f1 : 69.32
2023-09-27 16:47:18,359 - statisticNew - INFO - epoch 96, MAX_F1: 71.35

2023-09-27 16:47:18,359 - statisticNew - INFO - Epoch: 97 / 100 ：
2023-09-27 16:47:18,359 - statisticNew - INFO - epoch 97, lr: 0.1 
2023-09-27 16:47:23,230 - statisticNew - INFO - epoch 97, loss : 0.045227045500880955
2023-09-27 16:47:24,026 - statisticNew - INFO - epoch: 97, info: accuracy:  97.27%; precision:  73.18%; recall:  64.79%; FB1:  68.73
2023-09-27 16:47:24,027 - statisticNew - INFO - epoch 97, f1 : 68.73
2023-09-27 16:47:24,027 - statisticNew - INFO - epoch 97, MAX_F1: 71.35

2023-09-27 16:47:24,027 - statisticNew - INFO - Epoch: 98 / 100 ：
2023-09-27 16:47:24,027 - statisticNew - INFO - epoch 98, lr: 0.1 
2023-09-27 16:47:28,900 - statisticNew - INFO - epoch 98, loss : 0.04735918953385273
2023-09-27 16:47:29,693 - statisticNew - INFO - epoch: 98, info: accuracy:  97.24%; precision:  70.55%; recall:  66.88%; FB1:  68.66
2023-09-27 16:47:29,695 - statisticNew - INFO - epoch 98, f1 : 68.66
2023-09-27 16:47:29,695 - statisticNew - INFO - epoch 98, MAX_F1: 71.35

2023-09-27 16:47:29,695 - statisticNew - INFO - Epoch: 99 / 100 ：
2023-09-27 16:47:29,695 - statisticNew - INFO - epoch 99, lr: 0.1 
2023-09-27 16:47:34,565 - statisticNew - INFO - epoch 99, loss : 0.042932547083452205
2023-09-27 16:47:35,355 - statisticNew - INFO - epoch: 99, info: accuracy:  97.27%; precision:  72.69%; recall:  65.42%; FB1:  68.86
2023-09-27 16:47:35,356 - statisticNew - INFO - epoch 99, f1 : 68.86
2023-09-27 16:47:35,356 - statisticNew - INFO - epoch 99, MAX_F1: 71.35

2023-09-27 16:47:35,356 - statisticNew - INFO - Epoch: 100 / 100 ：
2023-09-27 16:47:35,356 - statisticNew - INFO - epoch 100, lr: 0.1 
2023-09-27 16:47:40,231 - statisticNew - INFO - epoch 100, loss : 0.04360846984149876
2023-09-27 16:47:41,029 - statisticNew - INFO - epoch: 100, info: accuracy:  97.29%; precision:  73.47%; recall:  65.21%; FB1:  69.09
2023-09-27 16:47:41,030 - statisticNew - INFO - epoch 100, f1 : 69.09
2023-09-27 16:47:41,031 - statisticNew - INFO - epoch 100, MAX_F1: 71.35

2023-09-27 16:47:45,045 - statisticNew - INFO - 
 resinfo accuracy:  98.15%; precision:  75.43%; recall:  83.65%; FB1:  79.33  F1: 79.33 
